build/outputs/logs/manifest-merger-debug-report.txt
-- Merging decision tree log ---
manifest
ADDED from src/main/AndroidManifest.xml:1:1-34:12
	xmlns:android
		ADDED from src/main/AndroidManifest.xml:1:11-69
	package
		ADDED from src/main/AndroidManifest.xml:2:2-29
	android:versionName
		ADDED from src/main/AndroidManifest.xml:4:2-27
		INJECTED from src/main/AndroidManifest.xml
		INJECTED from src/main/AndroidManifest.xml
	android:versionCode
		ADDED from src/main/AndroidManifest.xml:3:2-25
		INJECTED from src/main/AndroidManifest.xml
		INJECTED from src/main/AndroidManifest.xml
uses-sdk
ADDED from src/main/AndroidManifest.xml:6:2-8:35
MERGED from [com.joanzapata.pdfview:android-pdfview:1.0.4] AndroidManifest.xml:23:2-69
	android:targetSdkVersion
		ADDED from src/main/AndroidManifest.xml:8:3-32
	android:minSdkVersion
		ADDED from src/main/AndroidManifest.xml:7:3-29
application
ADDED from src/main/AndroidManifest.xml:12:2-28:16
	android:label
		ADDED from src/main/AndroidManifest.xml:15:3-35
	android:icon
		ADDED from src/main/AndroidManifest.xml:13:3-39
	android:theme
		ADDED from src/main/AndroidManifest.xml:14:9-40
activity#com.haja.tionaApp.MainActivity_
ADDED from src/main/AndroidManifest.xml:16:3-24:14
	android:screenOrientation
		ADDED from src/main/AndroidManifest.xml:19:13-49
	android:label
		ADDED from src/main/AndroidManifest.xml:18:4-36
	android:name
		ADDED from src/main/AndroidManifest.xml:17:4-32
intent-filter#android.intent.action.MAIN+android.intent.category.LAUNCHER
ADDED from src/main/AndroidManifest.xml:20:4-23:20
action#android.intent.action.MAIN
ADDED from src/main/AndroidManifest.xml:21:5-57
	android:name
		ADDED from src/main/AndroidManifest.xml:21:13-54
category#android.intent.category.LAUNCHER
ADDED from src/main/AndroidManifest.xml:22:5-65
	android:name
		ADDED from src/main/AndroidManifest.xml:22:15-62
activity#com.haja.tionaApp.PdfActivity_
ADDED from src/main/AndroidManifest.xml:25:9-27:20
	android:screenOrientation
		ADDED from src/main/AndroidManifest.xml:26:13-49
	android:name
		ADDED from src/main/AndroidManifest.xml:25:19-64
uses-permission#android.permission.WRITE_EXTERNAL_STORAGE
ADDED from src/main/AndroidManifest.xml:30:5-81
	android:name
		ADDED from src/main/AndroidManifest.xml:30:22-78
uses-permission#android.permission.READ_EXTERNAL_STORAGE
ADDED from src/main/AndroidManifest.xml:31:5-80
	android:name
		ADDED from src/main/AndroidManifest.xml:31:22-77